This is XeTeX, Version 3.14159265-2.6-0.999992 (MiKTeX 20.11) (preloaded format=xelatex 2020.11.26)  14 MAY 2021 20:33
entering extended mode
**./undergrad-sample-thai.tex
(undergrad-sample-thai.tex
LaTeX2e <2020-10-01> patch level 2
L3 programming layer <2020-10-27> xparse <2020-03-03> (cpe-thai-project.cls

LaTeX Warning: You have requested document class `cpe-thai-project',
               but the document class provides `cpe-grad'.

Document Class: cpe-grad 2016/05/30 CPE,KMUTT latex class
("C:\Program Files\MiKTeX\tex/latex/base\report.cls"
Document Class: report 2020/04/10 v1.4m Standard LaTeX document class
("C:\Program Files\MiKTeX\tex/latex/base\size10.clo"
File: size10.clo 2020/04/10 v1.4m Standard LaTeX file (size option)
)
\c@part=\count171
\c@chapter=\count172
\c@section=\count173
\c@subsection=\count174
\c@subsubsection=\count175
\c@paragraph=\count176
\c@subparagraph=\count177
\c@figure=\count178
\c@table=\count179
\abovecaptionskip=\skip47
\belowcaptionskip=\skip48
\bibindent=\dimen138
)
Document Style `CPE thesis/report'.
("C:\Program Files\MiKTeX\tex/latex/geometry\geometry.sty"
Package: geometry 2020/01/02 v5.9 Page Geometry

("C:\Program Files\MiKTeX\tex/latex/graphics\keyval.sty"
Package: keyval 2014/10/28 v1.15 key=value parser (DPC)
\KV@toks@=\toks15
)
("C:\Program Files\MiKTeX\tex/generic/iftex\ifvtex.sty"
Package: ifvtex 2019/10/25 v1.7 ifvtex legacy package. Use iftex instead.

("C:\Program Files\MiKTeX\tex/generic/iftex\iftex.sty"
Package: iftex 2020/03/06 v1.0d TeX engine tests
))
\Gm@cnth=\count180
\Gm@cntv=\count181
\c@Gm@tempcnt=\count182
\Gm@bindingoffset=\dimen139
\Gm@wd@mp=\dimen140
\Gm@odd@mp=\dimen141
\Gm@even@mp=\dimen142
\Gm@layoutwidth=\dimen143
\Gm@layoutheight=\dimen144
\Gm@layouthoffset=\dimen145
\Gm@layoutvoffset=\dimen146
\Gm@dimlist=\toks16

("C:\Program Files\MiKTeX\tex/xelatex/xetexconfig\geometry.cfg"))
("C:\Program Files\MiKTeX\tex/latex/graphics\graphicx.sty"
Package: graphicx 2020/09/09 v1.2b Enhanced LaTeX Graphics (DPC,SPQR)

("C:\Program Files\MiKTeX\tex/latex/graphics\graphics.sty"
Package: graphics 2020/08/30 v1.4c Standard LaTeX Graphics (DPC,SPQR)

("C:\Program Files\MiKTeX\tex/latex/graphics\trig.sty"
Package: trig 2016/01/03 v1.10 sin cos tan (DPC)
)
("C:\Program Files\MiKTeX\tex/latex/graphics-cfg\graphics.cfg"
File: graphics.cfg 2016/06/04 v1.11 sample graphics configuration
)
Package graphics Info: Driver file: xetex.def on input line 105.

("C:\Program Files\MiKTeX\tex/latex/graphics-def\xetex.def"
File: xetex.def 2020/08/26 v5.0i Graphics/color driver for xetex
))
\Gin@req@height=\dimen147
\Gin@req@width=\dimen148
)
("C:\Program Files\MiKTeX\tex/latex/tools\array.sty"
Package: array 2019/08/31 v2.4l Tabular extension package (FMi)
\col@sep=\dimen149
\ar@mcellbox=\box47
\extrarowheight=\dimen150
\NC@list=\toks17
\extratabsurround=\skip49
\backup@length=\skip50
\ar@cellbox=\box48
)
("C:\Program Files\MiKTeX\tex/latex/amsfonts\amsfonts.sty"
Package: amsfonts 2013/01/14 v3.01 Basic AMSFonts support
\@emptytoks=\toks18
\symAMSa=\mathgroup4
\symAMSb=\mathgroup5
LaTeX Font Info:    Redeclaring math symbol \hbar on input line 98.
LaTeX Font Info:    Overwriting math alphabet `\mathfrak' in version `bold'
(Font)                  U/euf/m/n --> U/euf/b/n on input line 106.
)
("C:\Program Files\MiKTeX\tex/latex/amsmath\amsmath.sty"
Package: amsmath 2020/09/23 v2.17i AMS math features
\@mathmargin=\skip51

For additional information on amsmath, use the `?' option.
("C:\Program Files\MiKTeX\tex/latex/amsmath\amstext.sty"
Package: amstext 2000/06/29 v2.01 AMS text

("C:\Program Files\MiKTeX\tex/latex/amsmath\amsgen.sty"
File: amsgen.sty 1999/11/30 v2.0 generic functions
\@emptytoks=\toks19
\ex@=\dimen151
))
("C:\Program Files\MiKTeX\tex/latex/amsmath\amsbsy.sty"
Package: amsbsy 1999/11/29 v1.2d Bold Symbols
\pmbraise@=\dimen152
)
("C:\Program Files\MiKTeX\tex/latex/amsmath\amsopn.sty"
Package: amsopn 2016/03/08 v2.02 operator names
)
\inf@bad=\count183
LaTeX Info: Redefining \frac on input line 234.
\uproot@=\count184
\leftroot@=\count185
LaTeX Info: Redefining \overline on input line 399.
\classnum@=\count186
\DOTSCASE@=\count187
LaTeX Info: Redefining \ldots on input line 496.
LaTeX Info: Redefining \dots on input line 499.
LaTeX Info: Redefining \cdots on input line 620.
\Mathstrutbox@=\box49
\strutbox@=\box50
\big@size=\dimen153
LaTeX Font Info:    Redeclaring font encoding OML on input line 743.
LaTeX Font Info:    Redeclaring font encoding OMS on input line 744.
\macc@depth=\count188
\c@MaxMatrixCols=\count189
\dotsspace@=\muskip16
\c@parentequation=\count190
\dspbrk@lvl=\count191
\tag@help=\toks20
\row@=\count192
\column@=\count193
\maxfields@=\count194
\andhelp@=\toks21
\eqnshift@=\dimen154
\alignsep@=\dimen155
\tagshift@=\dimen156
\tagwidth@=\dimen157
\totwidth@=\dimen158
\lineht@=\dimen159
\@envbody=\toks22
\multlinegap=\skip52
\multlinetaggap=\skip53
\mathdisplay@stack=\toks23
LaTeX Info: Redefining \[ on input line 2923.
LaTeX Info: Redefining \] on input line 2924.
)
("C:\Program Files\MiKTeX\tex/xelatex/mathspec\mathspec.sty"
Package: mathspec 2016/12/22 v0.2b LaTeX Package (Mathematics font selection fo
r XeLaTeX)

("C:\Program Files\MiKTeX\tex/latex/etoolbox\etoolbox.sty"
Package: etoolbox 2020/10/05 v2.5k e-TeX tools for LaTeX (JAW)
\etb@tempcnta=\count195
)
("C:\Program Files\MiKTeX\tex/generic/iftex\ifxetex.sty"
Package: ifxetex 2019/10/25 v0.7 ifxetex legacy package. Use iftex instead.
)
("C:\Program Files\MiKTeX\tex/latex/fontspec\fontspec.sty"
("C:\Program Files\MiKTeX\tex/latex/l3packages/xparse\xparse.sty"
("C:\Program Files\MiKTeX\tex/latex/l3kernel\expl3.sty"
Package: expl3 2020-10-27 L3 programming layer (loader) 

("C:\Program Files\MiKTeX\tex/latex/l3backend\l3backend-xetex.def"
File: l3backend-xetex.def 2020-09-24 L3 backend support: XeTeX
\g__graphics_track_int=\count196
\l__pdf_internal_box=\box51
\g__pdf_backend_object_int=\count197
\g__pdf_backend_annotation_int=\count198
))
Package: xparse 2020-10-27 L3 Experimental document command parser

("C:\Program Files\MiKTeX\tex/latex/l3packages/xparse\xparse-generic.tex"))
Package: fontspec 2020/02/21 v2.7i Font selection for XeLaTeX and LuaLaTeX

("C:\Program Files\MiKTeX\tex/latex/fontspec\fontspec-xetex.sty"
Package: fontspec-xetex 2020/02/21 v2.7i Font selection for XeLaTeX and LuaLaTe
X
\l__fontspec_script_int=\count199
\l__fontspec_language_int=\count266
\l__fontspec_strnum_int=\count267
\l__fontspec_tmp_int=\count268
\l__fontspec_tmpa_int=\count269
\l__fontspec_tmpb_int=\count270
\l__fontspec_tmpc_int=\count271
\l__fontspec_em_int=\count272
\l__fontspec_emdef_int=\count273
\l__fontspec_strong_int=\count274
\l__fontspec_strongdef_int=\count275
\l__fontspec_tmpa_dim=\dimen160
\l__fontspec_tmpb_dim=\dimen161
\l__fontspec_tmpc_dim=\dimen162

("C:\Program Files\MiKTeX\tex/latex/base\fontenc.sty"
Package: fontenc 2020/08/10 v2.0s Standard LaTeX package
)
("C:\Program Files\MiKTeX\tex/latex/fontspec\fontspec.cfg")))
("C:\Program Files\MiKTeX\tex/latex/xkeyval\xkeyval.sty"
Package: xkeyval 2014/12/03 v2.7a package option processing (HA)

("C:\Program Files\MiKTeX\tex/generic/xkeyval\xkeyval.tex"
("C:\Program Files\MiKTeX\tex/generic/xkeyval\xkvutils.tex"
\XKV@toks=\toks24
\XKV@tempa@toks=\toks25
)
\XKV@depth=\count276
File: xkeyval.tex 2014/12/03 v2.7a key=value parser (HA)
))
\c@eu@=\count277
\c@eu@i=\count278
\c@mkern=\count279
)
("C:\Program Files\MiKTeX\tex/xelatex/xunicode\xunicode.sty"
File: xunicode.sty 2011/09/09 v0.981 provides access to latin accents and many 
other characters in Unicode lower plane

("C:\Program Files\MiKTeX\tex/latex/tipa\t3enc.def"
File: t3enc.def 2001/12/31 T3 encoding
)
\tipaTiiicode=\count280
\tipasavetokens=\toks26
\tipachecktokens=\toks27
)
("C:\Program Files\MiKTeX\tex/latex/xltxtra\xltxtra.sty"
Package: xltxtra 2018/12/31 v0.7 Improvements for the "XeLaTeX" format

("C:\Program Files\MiKTeX\tex/generic/iftex\ifluatex.sty"
Package: ifluatex 2019/10/25 v1.5 ifluatex legacy package. Use iftex instead.
)
("C:\Program Files\MiKTeX\tex/latex/realscripts\realscripts.sty"
Package: realscripts 2016/02/13 v0.3d Access OpenType subscripts and superscrip
ts
\subsupersep=\dimen163
)
("C:\Program Files\MiKTeX\tex/latex/metalogo\metalogo.sty"
Package: metalogo 2010/05/29 v0.12 Extended TeX logo macros
\xl@everylogo=\toks28
\xl@@everylogo=\toks29
LaTeX Info: Redefining \TeX on input line 193.
LaTeX Info: Redefining \LaTeX on input line 202.
LaTeX Info: Redefining \LaTeXe on input line 219.
)
\l__xetex_show_hyphens_wrapping_box=\box52
\l__xetex_show_hyphens_temp_box=\box53
\l__xetex_show_hyphens_final_box=\box54
\g__xetex_show_hyphens_word_box=\box55
)
("C:\Program Files\MiKTeX\tex/latex/url\url.sty"
\Urlmuskip=\muskip17
Package: url 2013/09/16  ver 3.4  Verb mode for urls, etc.
)
("C:\Program Files\MiKTeX\tex/latex/hyperref\hyperref.sty"
Package: hyperref 2020-05-15 v7.00e Hypertext links for LaTeX

("C:\Program Files\MiKTeX\tex/generic/ltxcmds\ltxcmds.sty"
Package: ltxcmds 2020-05-10 v1.25 LaTeX kernel commands for general use (HO)
)
("C:\Program Files\MiKTeX\tex/generic/pdftexcmds\pdftexcmds.sty"
Package: pdftexcmds 2020-06-27 v0.33 Utility functions of pdfTeX for LuaTeX (HO
)

("C:\Program Files\MiKTeX\tex/generic/infwarerr\infwarerr.sty"
Package: infwarerr 2019/12/03 v1.5 Providing info/warning/error messages (HO)
)
Package pdftexcmds Info: \pdf@primitive is available.
Package pdftexcmds Info: \pdf@ifprimitive is available.
Package pdftexcmds Info: \pdfdraftmode not found.
)
("C:\Program Files\MiKTeX\tex/generic/kvsetkeys\kvsetkeys.sty"
Package: kvsetkeys 2019/12/15 v1.18 Key value parser (HO)
)
("C:\Program Files\MiKTeX\tex/generic/kvdefinekeys\kvdefinekeys.sty"
Package: kvdefinekeys 2019-12-19 v1.6 Define keys (HO)
)
("C:\Program Files\MiKTeX\tex/generic/pdfescape\pdfescape.sty"
Package: pdfescape 2019/12/09 v1.15 Implements pdfTeX's escape features (HO)
)
("C:\Program Files\MiKTeX\tex/latex/hycolor\hycolor.sty"
Package: hycolor 2020-01-27 v1.10 Color options for hyperref/bookmark (HO)
)
("C:\Program Files\MiKTeX\tex/latex/letltxmacro\letltxmacro.sty"
Package: letltxmacro 2019/12/03 v1.6 Let assignment for LaTeX macros (HO)
)
("C:\Program Files\MiKTeX\tex/latex/auxhook\auxhook.sty"
Package: auxhook 2019-12-17 v1.6 Hooks for auxiliary files (HO)
)
("C:\Program Files\MiKTeX\tex/latex/kvoptions\kvoptions.sty"
Package: kvoptions 2020-10-07 v3.14 Key value format for package options (HO)
)
\@linkdim=\dimen164
\Hy@linkcounter=\count281
\Hy@pagecounter=\count282

("C:\Program Files\MiKTeX\tex/latex/hyperref\pd1enc.def"
File: pd1enc.def 2020-05-15 v7.00e Hyperref: PDFDocEncoding definition (HO)
)
("C:\Program Files\MiKTeX\tex/generic/intcalc\intcalc.sty"
Package: intcalc 2019/12/15 v1.3 Expandable calculations with integers (HO)
)
("C:\Program Files\MiKTeX\tex/generic/etexcmds\etexcmds.sty"
Package: etexcmds 2019/12/15 v1.7 Avoid name clashes with e-TeX commands (HO)
)
\Hy@SavedSpaceFactor=\count283
Package hyperref Info: Hyper figures OFF on input line 4464.
Package hyperref Info: Link nesting OFF on input line 4469.
Package hyperref Info: Hyper index ON on input line 4472.
Package hyperref Info: Plain pages OFF on input line 4479.
Package hyperref Info: Backreferencing OFF on input line 4484.
Package hyperref Info: Implicit mode ON; LaTeX internals redefined.
Package hyperref Info: Bookmarks ON on input line 4717.
\c@Hy@tempcnt=\count284
LaTeX Info: Redefining \url on input line 5076.
\XeTeXLinkMargin=\dimen165

("C:\Program Files\MiKTeX\tex/generic/bitset\bitset.sty"
Package: bitset 2019/12/09 v1.3 Handle bit-vector datatype (HO)

("C:\Program Files\MiKTeX\tex/generic/bigintcalc\bigintcalc.sty"
Package: bigintcalc 2019/12/15 v1.5 Expandable calculations on big integers (HO
)
))
\Fld@menulength=\count285
\Field@Width=\dimen166
\Fld@charsize=\dimen167
Package hyperref Info: Hyper figures OFF on input line 6347.
Package hyperref Info: Link nesting OFF on input line 6352.
Package hyperref Info: Hyper index ON on input line 6355.
Package hyperref Info: backreferencing OFF on input line 6362.
Package hyperref Info: Link coloring OFF on input line 6367.
Package hyperref Info: Link coloring with OCG OFF on input line 6372.
Package hyperref Info: PDF/A mode OFF on input line 6377.
LaTeX Info: Redefining \ref on input line 6417.
LaTeX Info: Redefining \pageref on input line 6421.

("C:\Program Files\MiKTeX\tex/latex/base\atbegshi-ltx.sty"
Package: atbegshi-ltx 2020/08/17 v1.0a Emulation of the original atbegshi packa
ge
with kernel methods
)
\Hy@abspage=\count286
\c@Item=\count287
\c@Hfootnote=\count288
)
Package hyperref Info: Driver (autodetected): hxetex.

("C:\Program Files\MiKTeX\tex/latex/hyperref\hxetex.def"
File: hxetex.def 2020-05-15 v7.00e Hyperref driver for XeTeX

("C:\Program Files\MiKTeX\tex/latex/hyperref\puenc.def"
File: puenc.def 2020-05-15 v7.00e Hyperref: PDF Unicode definition (HO)
)
("C:\Program Files\MiKTeX\tex/generic/stringenc\stringenc.sty"
Package: stringenc 2019/11/29 v1.12 Convert strings between diff. encodings (HO
)
)
\pdfm@box=\box56
\c@Hy@AnnotLevel=\count289
\HyField@AnnotCount=\count290
\Fld@listcount=\count291
\c@bookmark@seq@number=\count292

("C:\Program Files\MiKTeX\tex/latex/rerunfilecheck\rerunfilecheck.sty"
Package: rerunfilecheck 2019/12/05 v1.9 Rerun checks for auxiliary files (HO)

("C:\Program Files\MiKTeX\tex/latex/base\atveryend-ltx.sty"
Package: atveryend-ltx 2020/08/19 v1.0a Emulation of the original atvery packag
e
with kernel methods
)
("C:\Program Files\MiKTeX\tex/generic/uniquecounter\uniquecounter.sty"
Package: uniquecounter 2019/12/15 v1.4 Provide unlimited unique counter (HO)
)
Package uniquecounter Info: New unique counter `rerunfilecheck' on input line 2
86.
)
\Hy@SectionHShift=\skip54
)
Package hyperref Info: Option `linktocpage' set `true' on input line 49.
Package hyperref Info: Option `colorlinks' set `true' on input line 49.
\bibindent=\dimen168

("C:\Program Files\MiKTeX\tex/latex/base\latexsym.sty"
Package: latexsym 1998/08/17 v2.2e Standard LaTeX package (lasy symbols)
\symlasy=\mathgroup6
LaTeX Font Info:    Overwriting symbol font `lasy' in version `bold'
(Font)                  U/lasy/m/n --> U/lasy/b/n on input line 52.
)
\c@definition=\count293
)
("C:\Program Files\MiKTeX\tex/latex/pdflscape\pdflscape.sty"
Package: pdflscape 2019/12/05 v0.12 Display of landscape pages in PDF (HO)

("C:\Program Files\MiKTeX\tex/latex/graphics\lscape.sty"
Package: lscape 2020/05/28 v3.02 Landscape Pages (DPC)
)
Package pdflscape Info: Auto-detected driver: dvipdfm (xetex) on input line 98.

)
("C:\Program Files\MiKTeX\tex/latex/polyglossia\polyglossia.sty"
Package: polyglossia 2021/03/16 v1.52 Modern multilingual typesetting with XeLa
TeX and LuaLaTeX

("C:\Program Files\MiKTeX\tex/latex/makecmds\makecmds.sty"
Package: makecmds 2009/09/03 v1.0a extra command making commands
)
("C:\Program Files\MiKTeX\tex/latex/l3packages/l3keys2e\l3keys2e.sty"
Package: l3keys2e 2020-10-27 LaTeX2e option processing using LaTeX3 keys
)
\xpg@normalclass=\XeTeXcharclass1

("C:\Program Files\MiKTeX\tex/latex/polyglossia\gloss-latex.ldf"
File: gloss-latex.ldf polyglossia: module for default language
The property list \polyglossia@langsetup contains the pairs (without outer
braces):
>  {latex/script}  =>  {latin}
>  {latex/lcscript}  =>  {latin}
>  {latex/scripttag}  =>  {}
>  {latex/language}  =>  {Latex}
>  {latex/langtag}  =>  {ENG}
>  {latex/bcp47}  =>  {}
>  {latex/hyphennames}  =>  {english}
>  {latex/direction}  =>  {LR}
>  {latex/hyphenmins}  =>  {2,3}
>  {latex/frenchspacing}  =>  {false}
>  {latex/indentfirst}  =>  {false}
>  {latex/fontsetup}  =>  {true}
>  {latex/envname}  =>  {latex}
>  {latex/babelname}  =>  {latex}
>  {latex/localnumeral}  =>  {polyglossia@C@localnumeral}
>  {latex/Localnumeral}  =>  {polyglossia@C@localnumeral}.
)
Package polyglossia Info: Default language is latex.
)
("C:\Program Files\MiKTeX\tex/latex/caption\caption.sty"
Package: caption 2020/10/26 v3.5g Customizing captions (AR)

("C:\Program Files\MiKTeX\tex/latex/caption\caption3.sty"
Package: caption3 2020/10/21 v2.2e caption3 kernel (AR)
\captionmargin=\dimen169
\captionmargin@=\dimen170
\captionwidth=\dimen171
\caption@tempdima=\dimen172
\caption@indent=\dimen173
\caption@parindent=\dimen174
\caption@hangindent=\dimen175
Package caption Info: Unknown document class (or package),
(caption)             standard defaults will be used.
Package caption Info: \@makecaption = \long macro:#1#2->\vskip \abovecaptionski
p \sbox \@tempboxa {{\bf #1} #2}\ifdim \wd \@tempboxa >\hsize {\bf #1} #2\par \
else \global \@minipagefalse \hb@xt@ \hsize {\hfil \box \@tempboxa \hfil }\fi \
vskip \belowcaptionskip  on input line 1139.
)

Package caption Warning: Unknown document class (or package),
(caption)                standard defaults will be used.
See the caption package documentation for explanation.

\c@caption@flags=\count294
\c@continuedfloat=\count295
Package caption Info: hyperref package is loaded.
) ("C:\Program Files\MiKTeX\tex/latex/multirow\multirow.sty"
Package: multirow 2021/03/15 v2.8 Span multiple rows of a table
\multirow@colwidth=\skip55
\multirow@cntb=\count296
\multirow@dima=\skip56
\bigstrutjot=\dimen176
)
("C:\Program Files\MiKTeX\tex/latex/base\textcomp.sty"
Package: textcomp 2020/02/02 v2.0n Standard LaTeX package
)
("C:\Program Files\MiKTeX\tex/latex/polyglossia\gloss-thai.ldf"
File: gloss-thai.ldf polyglossia: module for thai
The property list \polyglossia@langsetup contains the pairs (without outer
braces):
>  {latex/script}  =>  {latin}
>  {latex/lcscript}  =>  {latin}
>  {latex/scripttag}  =>  {}
>  {latex/language}  =>  {Latex}
>  {latex/langtag}  =>  {ENG}
>  {latex/bcp47}  =>  {}
>  {latex/hyphennames}  =>  {english}
>  {latex/direction}  =>  {LR}
>  {latex/hyphenmins}  =>  {2,3}
>  {latex/frenchspacing}  =>  {false}
>  {latex/indentfirst}  =>  {false}
>  {latex/fontsetup}  =>  {true}
>  {latex/envname}  =>  {latex}
>  {latex/babelname}  =>  {latex}
>  {latex/localnumeral}  =>  {polyglossia@C@localnumeral}
>  {latex/Localnumeral}  =>  {polyglossia@C@localnumeral}
>  {thai/script}  =>  {Thai}
>  {thai/lcscript}  =>  {thai}
>  {thai/scripttag}  =>  {thai}
>  {thai/language}  =>  {Thai}
>  {thai/langtag}  =>  {THA}
>  {thai/bcp47}  =>  {th}
>  {thai/hyphennames}  =>  {nohyphenation}
>  {thai/direction}  =>  {LR}
>  {thai/hyphenmins}  =>  {2,3}
>  {thai/frenchspacing}  =>  {false}
>  {thai/indentfirst}  =>  {false}
>  {thai/fontsetup}  =>  {true}
>  {thai/envname}  =>  {thai}
>  {thai/babelname}  =>  {thai}
>  {thai/localnumeral}  =>  {thainumerals}
>  {thai/Localnumeral}  =>  {thainumerals}.
)
Package polyglossia Info: Default language is thai.

("C:\Program Files\MiKTeX\tex/latex/polyglossia\gloss-english.ldf"
File: gloss-english.ldf polyglossia: module for english
The property list \polyglossia@langsetup contains the pairs (without outer
braces):
>  {latex/script}  =>  {latin}
>  {latex/lcscript}  =>  {latin}
>  {latex/scripttag}  =>  {}
>  {latex/language}  =>  {Latex}
>  {latex/langtag}  =>  {ENG}
>  {latex/bcp47}  =>  {}
>  {latex/hyphennames}  =>  {english}
>  {latex/direction}  =>  {LR}
>  {latex/hyphenmins}  =>  {2,3}
>  {latex/frenchspacing}  =>  {false}
>  {latex/indentfirst}  =>  {false}
>  {latex/fontsetup}  =>  {true}
>  {latex/envname}  =>  {latex}
>  {latex/babelname}  =>  {latex}
>  {latex/localnumeral}  =>  {polyglossia@C@localnumeral}
>  {latex/Localnumeral}  =>  {polyglossia@C@localnumeral}
>  {thai/script}  =>  {Thai}
>  {thai/lcscript}  =>  {thai}
>  {thai/scripttag}  =>  {thai}
>  {thai/language}  =>  {Thai}
>  {thai/langtag}  =>  {THA}
>  {thai/bcp47}  =>  {th}
>  {thai/hyphennames}  =>  {nohyphenation}
>  {thai/direction}  =>  {LR}
>  {thai/hyphenmins}  =>  {2,3}
>  {thai/frenchspacing}  =>  {false}
>  {thai/indentfirst}  =>  {false}
>  {thai/fontsetup}  =>  {true}
>  {thai/envname}  =>  {thai}
>  {thai/babelname}  =>  {thai}
>  {thai/localnumeral}  =>  {thainumerals}
>  {thai/Localnumeral}  =>  {thainumerals}
>  {english/script}  =>  {latin}
>  {english/lcscript}  =>  {latin}
>  {english/scripttag}  =>  {}
>  {english/language}  =>  {English}
>  {english/langtag}  =>  {ENG}
>  {english/bcp47}  =>  {en-US}
>  {english/hyphennames}  =>  {english,american,usenglish,USenglish}
>  {english/direction}  =>  {LR}
>  {english/hyphenmins}  =>  {2,3}
>  {english/frenchspacing}  =>  {false}
>  {english/indentfirst}  =>  {false}
>  {english/fontsetup}  =>  {true}
>  {english/envname}  =>  {english}
>  {english/babelname}  =>  {english}
>  {english/localnumeral}  =>  {polyglossia@C@localnumeral}
>  {english/Localnumeral}  =>  {polyglossia@C@localnumeral}.
Package polyglossia Info: Option: English, variant=american.
)

Package fontspec Info: Font family 'THSarabunNew(0)' created for font 'TH
(fontspec)             Sarabun New' with options [Script=Thai,Scale=1.23].
(fontspec)              
(fontspec)              This font family consists of the following NFSS
(fontspec)             series/shapes:
(fontspec)              
(fontspec)             - 'normal' (m/n) with NFSS spec.: <->s*[1.23]"TH
(fontspec)             Sarabun New/OT:script=thai;language=dflt;"
(fontspec)             - 'small caps'  (m/sc) with NFSS spec.: 
(fontspec)             - 'bold' (b/n) with NFSS spec.: <->s*[1.23]"TH Sarabun
(fontspec)             New/B/OT:script=thai;language=dflt;"
(fontspec)             - 'bold small caps'  (b/sc) with NFSS spec.: 
(fontspec)             - 'italic' (m/it) with NFSS spec.: <->s*[1.23]"TH
(fontspec)             Sarabun New/I/OT:script=thai;language=dflt;"
(fontspec)             - 'italic small caps'  (m/scit) with NFSS spec.: 
(fontspec)             - 'bold italic' (b/it) with NFSS spec.: <->s*[1.23]"TH
(fontspec)             Sarabun New/BI/OT:script=thai;language=dflt;"
(fontspec)             - 'bold italic small caps'  (b/scit) with NFSS spec.: 


Package fontspec Info: Font family 'THSarabunNew(1)' created for font 'TH
(fontspec)             Sarabun New' with options
(fontspec)             [Mapping=tex-text,Scale=1.23,LetterSpace=0.0,Ligatures=T
eX,Scale=1.23,LetterSpace=0,WordSpace=1.0,FakeStretch=1.0].
(fontspec)              
(fontspec)              This font family consists of the following NFSS
(fontspec)             series/shapes:
(fontspec)              
(fontspec)             - 'normal' (m/n) with NFSS spec.: <->s*[1.23]"TH
(fontspec)             Sarabun
(fontspec)             New/OT:script=latn;language=dflt;letterspace=0.0;letters
pace=0;extend=1.0;mapping=tex-text;"
(fontspec)             - 'small caps'  (m/sc) with NFSS spec.: 
(fontspec)             and font adjustment code:
(fontspec)             \fontdimen 2\font =1.0\fontdimen 2\font \fontdimen
(fontspec)             3\font =1.0\fontdimen 3\font \fontdimen 4\font
(fontspec)             =1.0\fontdimen 4\font 
(fontspec)             - 'bold' (b/n) with NFSS spec.: <->s*[1.23]"TH Sarabun
(fontspec)             New/B/OT:script=latn;language=dflt;letterspace=0.0;lette
rspace=0;extend=1.0;mapping=tex-text;"
(fontspec)             - 'bold small caps'  (b/sc) with NFSS spec.: 
(fontspec)             and font adjustment code:
(fontspec)             \fontdimen 2\font =1.0\fontdimen 2\font \fontdimen
(fontspec)             3\font =1.0\fontdimen 3\font \fontdimen 4\font
(fontspec)             =1.0\fontdimen 4\font 
(fontspec)             - 'italic' (m/it) with NFSS spec.: <->s*[1.23]"TH
(fontspec)             Sarabun
(fontspec)             New/I/OT:script=latn;language=dflt;letterspace=0.0;lette
rspace=0;extend=1.0;mapping=tex-text;"
(fontspec)             - 'italic small caps'  (m/scit) with NFSS spec.: 
(fontspec)             and font adjustment code:
(fontspec)             \fontdimen 2\font =1.0\fontdimen 2\font \fontdimen
(fontspec)             3\font =1.0\fontdimen 3\font \fontdimen 4\font
(fontspec)             =1.0\fontdimen 4\font 
(fontspec)             - 'bold italic' (b/it) with NFSS spec.: <->s*[1.23]"TH
(fontspec)             Sarabun
(fontspec)             New/BI/OT:script=latn;language=dflt;letterspace=0.0;lett
erspace=0;extend=1.0;mapping=tex-text;"
(fontspec)             - 'bold italic small caps'  (b/scit) with NFSS spec.: 
(fontspec)             and font adjustment code:
(fontspec)             \fontdimen 2\font =1.0\fontdimen 2\font \fontdimen
(fontspec)             3\font =1.0\fontdimen 3\font \fontdimen 4\font
(fontspec)             =1.0\fontdimen 4\font 

LaTeX Font Info:    Font shape `TU/THSarabunNew(1)/m/n' will be
(Font)              scaled to size 12.29996pt on input line 21.

! Too many }'s.
l.72 alphabet, vowels and word writing}}
                                        
? 
\c@theorem=\count297
\c@lemma=\count298
\c@corollary=\count299
(undergrad-sample-thai.aux
LaTeX Info: Redefining \rmfamily on input line 19.
LaTeX Info: Redefining \sffamily on input line 19.
LaTeX Info: Redefining \ttfamily on input line 19.
LaTeX Font Info:    Font shape `TU/THSarabunNew(0)/m/n' will be
(Font)              scaled to size 12.29996pt on input line 19.
\thai@year=\count300


LaTeX Warning: Label `fig:system' multiply defined.


LaTeX Warning: Label `fig:system' multiply defined.


LaTeX Warning: Label `fig:usecase' multiply defined.


LaTeX Warning: Label `fig:usecase' multiply defined.


LaTeX Warning: Label `fig:system' multiply defined.


LaTeX Warning: Label `tbl:application1' multiply defined.


LaTeX Warning: Label `tbl:application1' multiply defined.


LaTeX Warning: Label `fig:system' multiply defined.


LaTeX Warning: Label `fig:system' multiply defined.


LaTeX Warning: Label `tbl:application1' multiply defined.


LaTeX Warning: Label `tbl:application1' multiply defined.


LaTeX Warning: Label `tbl:application1' multiply defined.


LaTeX Warning: Label `tbl:application1' multiply defined.


LaTeX Warning: Label `tbl:application1' multiply defined.


LaTeX Warning: Label `tbl:application1' multiply defined.


LaTeX Warning: Label `tbl:application1' multiply defined.


LaTeX Warning: Label `tbl:application1' multiply defined.


LaTeX Warning: Label `fig:activity3' multiply defined.


LaTeX Warning: Label `tbl:application1' multiply defined.


LaTeX Warning: Label `tbl:application1' multiply defined.


LaTeX Warning: Label `tbl:application1' multiply defined.


LaTeX Warning: Label `fig:convolutionallayer' multiply defined.


LaTeX Warning: Label `fig:system' multiply defined.


LaTeX Warning: Label `fig:system' multiply defined.


LaTeX Warning: Label `fig:system' multiply defined.


LaTeX Warning: Label `fig:system' multiply defined.


LaTeX Warning: Label `fig:system' multiply defined.


LaTeX Warning: Label `fig:system' multiply defined.


LaTeX Warning: Label `fig:system' multiply defined.


LaTeX Warning: Label `fig:system' multiply defined.


LaTeX Warning: Label `fig:system' multiply defined.


LaTeX Warning: Label `fig:system' multiply defined.


LaTeX Warning: Label `fig:system' multiply defined.


LaTeX Warning: Label `fig:system' multiply defined.


LaTeX Warning: Label `fig:system' multiply defined.


LaTeX Warning: Label `fig:system' multiply defined.


LaTeX Warning: Label `fig:system' multiply defined.


LaTeX Warning: Label `fig:system' multiply defined.


LaTeX Warning: Label `fig:system' multiply defined.


LaTeX Warning: Label `fig:system' multiply defined.


LaTeX Warning: Label `fig:system' multiply defined.


LaTeX Warning: Label `fig:system' multiply defined.


LaTeX Warning: Label `fig:system' multiply defined.


LaTeX Warning: Label `fig:endgame' multiply defined.


LaTeX Warning: Label `fig:endgame' multiply defined.


LaTeX Warning: Label `fig:childrenTest' multiply defined.


LaTeX Warning: Label `fig:system' multiply defined.


LaTeX Warning: Label `fig:system' multiply defined.


LaTeX Warning: Label `fig:system' multiply defined.


LaTeX Warning: Label `fig:system' multiply defined.


LaTeX Warning: Label `fig:system' multiply defined.


LaTeX Warning: Label `fig:system' multiply defined.


LaTeX Warning: Label `fig:system' multiply defined.


LaTeX Warning: Label `fig:system' multiply defined.


LaTeX Warning: Label `sa' multiply defined.


LaTeX Warning: Label `sa' multiply defined.


LaTeX Warning: Label `sa' multiply defined.


LaTeX Warning: Label `sa' multiply defined.


LaTeX Warning: Label `sa' multiply defined.


LaTeX Warning: Label `sa' multiply defined.


LaTeX Warning: Label `sa' multiply defined.


LaTeX Warning: Label `sa' multiply defined.


LaTeX Warning: Label `sa' multiply defined.


LaTeX Warning: Label `sa' multiply defined.


LaTeX Warning: Label `sa' multiply defined.


LaTeX Warning: Label `sa' multiply defined.


LaTeX Warning: Label `sa' multiply defined.


LaTeX Warning: Label `sa' multiply defined.


LaTeX Warning: Label `sa' multiply defined.


LaTeX Warning: Label `sa' multiply defined.


LaTeX Warning: Label `sa' multiply defined.


LaTeX Warning: Label `sa' multiply defined.


LaTeX Warning: Label `sa' multiply defined.


LaTeX Warning: Label `sa' multiply defined.


LaTeX Warning: Label `sa' multiply defined.


LaTeX Warning: Label `sa' multiply defined.


LaTeX Warning: Label `sa' multiply defined.


LaTeX Warning: Label `sa' multiply defined.


LaTeX Warning: Label `sa' multiply defined.


LaTeX Warning: Label `sa' multiply defined.


LaTeX Warning: Label `sa' multiply defined.


LaTeX Warning: Label `fig:system' multiply defined.


LaTeX Warning: Label `fig:system' multiply defined.


LaTeX Warning: Label `fig:system' multiply defined.


LaTeX Warning: Label `fig:system' multiply defined.


LaTeX Warning: Label `fig:system' multiply defined.


LaTeX Warning: Label `fig:system' multiply defined.


LaTeX Warning: Label `fig:system' multiply defined.


LaTeX Warning: Label `fig:system' multiply defined.


LaTeX Warning: Label `fig:system' multiply defined.


LaTeX Warning: Label `tbl:application1' multiply defined.


LaTeX Warning: Label `tbl:application1' multiply defined.


LaTeX Warning: Label `tbl:application1' multiply defined.

)
\openout1 = `undergrad-sample-thai.aux'.

LaTeX Font Info:    Checking defaults for OML/cmm/m/it on input line 117.
LaTeX Font Info:    ... okay on input line 117.
LaTeX Font Info:    Checking defaults for OMS/cmsy/m/n on input line 117.
LaTeX Font Info:    ... okay on input line 117.
LaTeX Font Info:    Checking defaults for OT1/cmr/m/n on input line 117.
LaTeX Font Info:    ... okay on input line 117.
LaTeX Font Info:    Checking defaults for T1/cmr/m/n on input line 117.
LaTeX Font Info:    ... okay on input line 117.
LaTeX Font Info:    Checking defaults for TS1/cmr/m/n on input line 117.
LaTeX Font Info:    Trying to load font information for TS1+cmr on input line 1
17.
 ("C:\Program Files\MiKTeX\tex/latex/base\ts1cmr.fd"
File: ts1cmr.fd 2019/12/16 v2.5j Standard LaTeX font definitions
)
LaTeX Font Info:    ... okay on input line 117.
LaTeX Font Info:    Checking defaults for TU/lmr/m/n on input line 117.
LaTeX Font Info:    ... okay on input line 117.
LaTeX Font Info:    Checking defaults for OMX/cmex/m/n on input line 117.
LaTeX Font Info:    ... okay on input line 117.
LaTeX Font Info:    Checking defaults for U/cmr/m/n on input line 117.
LaTeX Font Info:    ... okay on input line 117.
LaTeX Font Info:    Checking defaults for T3/cmr/m/n on input line 117.
LaTeX Font Info:    Trying to load font information for T3+cmr on input line 11
7.

("C:\Program Files\MiKTeX\tex/latex/tipa\t3cmr.fd"
File: t3cmr.fd 2001/12/31 TIPA font definitions
)
LaTeX Font Info:    ... okay on input line 117.
LaTeX Font Info:    Checking defaults for PD1/pdf/m/n on input line 117.
LaTeX Font Info:    ... okay on input line 117.
LaTeX Font Info:    Checking defaults for PU/pdf/m/n on input line 117.
LaTeX Font Info:    ... okay on input line 117.

*geometry* detected driver: pdftex
*geometry* verbose mode - [ preamble ] result:
* driver: pdftex
* paper: a4paper
* layout: <same size as paper>
* layoutoffset:(h,v)=(0.0pt,0.0pt)
* modes: 
* h-part:(L,W,R)=(113.81102pt, 426.79135pt, 56.9055pt)
* v-part:(T,H,B)=(85.35826pt, 702.78308pt, 56.9055pt)
* \paperwidth=597.50787pt
* \paperheight=845.04684pt
* \textwidth=433.62pt
* \textheight=712.49861pt
* \oddsidemargin=36.135pt
* \evensidemargin=41.54103pt
* \topmargin=-22.76228pt
* \headheight=12.0pt
* \headsep=25.0pt
* \topskip=10.0pt
* \footskip=30.0pt
* \marginparwidth=65.0pt
* \marginparsep=11.0pt
* \columnsep=10.0pt
* \skip\footins=9.0pt plus 4.0pt minus 2.0pt
* \hoffset=0.0pt
* \voffset=0.0pt
* \mag=1000
* \@twocolumnfalse
* \@twosidefalse
* \@mparswitchfalse
* \@reversemarginfalse
* (1in=72.27pt=25.4mm, 1cm=28.453pt)

("C:\Program Files\MiKTeX\tex/latex/graphics\color.sty"
Package: color 2020/02/24 v1.2b Standard LaTeX Color (DPC)

("C:\Program Files\MiKTeX\tex/latex/graphics-cfg\color.cfg"
File: color.cfg 2016/01/02 v1.6 sample color configuration
)
Package color Info: Driver file: xetex.def on input line 147.
)
Package hyperref Info: Link coloring ON on input line 117.

("C:\Program Files\MiKTeX\tex/latex/hyperref\nameref.sty"
Package: nameref 2019/09/16 v2.46 Cross-referencing by name of section

("C:\Program Files\MiKTeX\tex/latex/refcount\refcount.sty"
Package: refcount 2019/12/15 v3.6 Data extraction from label references (HO)
)
("C:\Program Files\MiKTeX\tex/generic/gettitlestring\gettitlestring.sty"
Package: gettitlestring 2019/12/15 v1.6 Cleanup title references (HO)
)
\c@section@level=\count301
)
LaTeX Info: Redefining \ref on input line 117.
LaTeX Info: Redefining \pageref on input line 117.
LaTeX Info: Redefining \nameref on input line 117.

(undergrad-sample-thai.out) (undergrad-sample-thai.out)
\@outlinefile=\write3
\openout3 = `undergrad-sample-thai.out'.

Package caption Info: Begin \AtBeginDocument code.
Package caption Info: End \AtBeginDocument code.
LaTeX Info: Redefining \rmfamily on input line 117.
LaTeX Info: Redefining \sffamily on input line 117.
LaTeX Info: Redefining \ttfamily on input line 117.
LaTeX Info: Redefining \rmfamily on input line 117.
LaTeX Info: Redefining \sffamily on input line 117.
LaTeX Info: Redefining \ttfamily on input line 117.
\thai@year=\count302
File: logo02.jpg Graphic file (type bmp)
<logo02.jpg>


! LaTeX Error: Something's wrong--perhaps a missing \item.

See the LaTeX manual or LaTeX Companion for explanation.
Type  H <return>  for immediate help.
 ...                                              
                                                  
l.125 \maketitlepage
                    
? 

Overfull \hbox (91.89563pt too wide) in paragraph at lines 125--125
 [][] 
 []

("C:\Program Files\MiKTeX\tex/generic/stringenc\se-ascii-print.def"
File: se-ascii-print.def 2019/11/29 v1.12 stringenc: Printable ASCII characters

) [1


]

! LaTeX Error: Something's wrong--perhaps a missing \item.

See the LaTeX manual or LaTeX Companion for explanation.
Type  H <return>  for immediate help.
 ...                                              
                                                  
l.126 \makesignaturepage
                        
? 

Overfull \hbox (20.62962pt too wide) in paragraph at lines 126--126
 [][] 
 []

LaTeX Font Info:    Trying to load font information for U+msa on input line 126
.
("C:\Program Files\MiKTeX\tex/latex/amsfonts\umsa.fd"
File: umsa.fd 2013/01/14 v3.01 AMS symbols A
)
LaTeX Font Info:    Trying to load font information for U+msb on input line 126
.

("C:\Program Files\MiKTeX\tex/latex/amsfonts\umsb.fd"
File: umsb.fd 2013/01/14 v3.01 AMS symbols B
)
LaTeX Font Info:    Trying to load font information for U+lasy on input line 12
6.

("C:\Program Files\MiKTeX\tex/latex/base\ulasy.fd"
File: ulasy.fd 1998/08/17 v2.2e LaTeX symbol font definitions
)
Underfull \hbox (badness 10000) in alignment at lines 126--126
[] [] 
 []

[2]

Package hyperref Warning: bookmark level for unknown chapterx defaults to 0.


Overfull \hbox (70.7269pt too wide) in paragraph at lines 131--131
[]  
 []

LaTeX Font Info:    Font shape `TU/THSarabunNew(0)/b/n' will be
(Font)              scaled to size 12.29996pt on input line 131.

Underfull \hbox (badness 10000) in alignment at lines 146--148
[][] 
 []

[2]
LaTeX Info: Redefining \rmfamily on input line 158.
LaTeX Info: Redefining \sffamily on input line 158.
LaTeX Info: Redefining \ttfamily on input line 158.
\thai@year=\count303
LaTeX Info: Redefining \rmfamily on input line 158.
LaTeX Info: Redefining \sffamily on input line 158.
LaTeX Info: Redefining \ttfamily on input line 158.
LaTeX Info: Redefining \rmfamily on input line 158.
LaTeX Info: Redefining \sffamily on input line 158.
LaTeX Info: Redefining \ttfamily on input line 158.
\thai@year=\count304
LaTeX Info: Redefining \rmfamily on input line 158.
LaTeX Info: Redefining \sffamily on input line 158.
LaTeX Info: Redefining \ttfamily on input line 158.
LaTeX Info: Redefining \rmfamily on input line 158.
LaTeX Info: Redefining \sffamily on input line 158.
LaTeX Info: Redefining \ttfamily on input line 158.
\thai@year=\count305
LaTeX Info: Redefining \rmfamily on input line 158.
LaTeX Info: Redefining \sffamily on input line 158.
LaTeX Info: Redefining \ttfamily on input line 158.
LaTeX Info: Redefining \rmfamily on input line 158.
LaTeX Info: Redefining \sffamily on input line 158.
LaTeX Info: Redefining \ttfamily on input line 158.
\thai@year=\count306
LaTeX Info: Redefining \rmfamily on input line 158.
LaTeX Info: Redefining \sffamily on input line 158.
LaTeX Info: Redefining \ttfamily on input line 158.
LaTeX Info: Redefining \rmfamily on input line 158.
LaTeX Info: Redefining \sffamily on input line 158.
LaTeX Info: Redefining \ttfamily on input line 158.
\thai@year=\count307
LaTeX Info: Redefining \rmfamily on input line 158.
LaTeX Info: Redefining \sffamily on input line 158.
LaTeX Info: Redefining \ttfamily on input line 158.

! Undefined control sequence.
\thaiabstract ...visor \else & \thaidisscoadvisor 
                                                  \\ \fi \textthai {หลักสูตร...
l.158 \thaiabstract
                   
? 
LaTeX Info: Redefining \rmfamily on input line 158.
LaTeX Info: Redefining \sffamily on input line 158.
LaTeX Info: Redefining \ttfamily on input line 158.
\thai@year=\count308
LaTeX Info: Redefining \rmfamily on input line 158.
LaTeX Info: Redefining \sffamily on input line 158.
LaTeX Info: Redefining \ttfamily on input line 158.
LaTeX Info: Redefining \rmfamily on input line 158.
LaTeX Info: Redefining \sffamily on input line 158.
LaTeX Info: Redefining \ttfamily on input line 158.
\thai@year=\count309
LaTeX Info: Redefining \rmfamily on input line 158.
LaTeX Info: Redefining \sffamily on input line 158.
LaTeX Info: Redefining \ttfamily on input line 158.
LaTeX Info: Redefining \rmfamily on input line 158.
LaTeX Info: Redefining \sffamily on input line 158.
LaTeX Info: Redefining \ttfamily on input line 158.
\thai@year=\count310
LaTeX Info: Redefining \rmfamily on input line 158.
LaTeX Info: Redefining \sffamily on input line 158.
LaTeX Info: Redefining \ttfamily on input line 158.
LaTeX Info: Redefining \rmfamily on input line 158.
LaTeX Info: Redefining \sffamily on input line 158.
LaTeX Info: Redefining \ttfamily on input line 158.
\thai@year=\count311
LaTeX Info: Redefining \rmfamily on input line 158.
LaTeX Info: Redefining \sffamily on input line 158.
LaTeX Info: Redefining \ttfamily on input line 158.
LaTeX Info: Redefining \rmfamily on input line 158.
LaTeX Info: Redefining \sffamily on input line 158.
LaTeX Info: Redefining \ttfamily on input line 158.
\thai@year=\count312
LaTeX Info: Redefining \rmfamily on input line 158.
LaTeX Info: Redefining \sffamily on input line 158.
LaTeX Info: Redefining \ttfamily on input line 158.
LaTeX Info: Redefining \rmfamily on input line 158.
LaTeX Info: Redefining \sffamily on input line 158.
LaTeX Info: Redefining \ttfamily on input line 158.
\thai@year=\count313
LaTeX Info: Redefining \rmfamily on input line 158.
LaTeX Info: Redefining \sffamily on input line 158.
LaTeX Info: Redefining \ttfamily on input line 158.
LaTeX Info: Redefining \rmfamily on input line 158.
LaTeX Info: Redefining \sffamily on input line 158.
LaTeX Info: Redefining \ttfamily on input line 158.
\thai@year=\count314
LaTeX Info: Redefining \rmfamily on input line 158.
LaTeX Info: Redefining \sffamily on input line 158.
LaTeX Info: Redefining \ttfamily on input line 158.

Underfull \hbox (badness 1648) in paragraph at lines 177--178
[]|\TU/THSarabunNew(0)/m/n/10 โรค การ พก พร่อง ทางการ เรียน รู้ (Learning disor
der), โครง ข่าย ประสาท เทียม แบบ สัง วัต นา การ
 []


Underfull \hbox (badness 10000) in alignment at lines 174--178
[][] 
 []

[3]
! Too many }'s.
l.181 }
       
? 
LaTeX Font Info:    Font shape `TU/THSarabunNew(0)/m/n' will be
(Font)              scaled to size 14.75995pt on input line 186.
LaTeX Font Info:    Font shape `TU/THSarabunNew(0)/b/n' will be
(Font)              scaled to size 14.75995pt on input line 186.
[4

] (undergrad-sample-thai.toc
LaTeX Info: Redefining \rmfamily on input line 1.
LaTeX Info: Redefining \sffamily on input line 1.
LaTeX Info: Redefining \ttfamily on input line 1.
\thai@year=\count315
 [5

])
\tf@toc=\write4
\openout4 = `undergrad-sample-thai.toc'.

 [6] (undergrad-sample-thai.lot
LaTeX Info: Redefining \rmfamily on input line 1.
LaTeX Info: Redefining \sffamily on input line 1.
LaTeX Info: Redefining \ttfamily on input line 1.
\thai@year=\count316
 [7

])
\tf@lot=\write5
\openout5 = `undergrad-sample-thai.lot'.


[8] (undergrad-sample-thai.lof
LaTeX Info: Redefining \rmfamily on input line 1.
LaTeX Info: Redefining \sffamily on input line 1.
LaTeX Info: Redefining \ttfamily on input line 1.
\thai@year=\count317
 [9

])
\tf@lof=\write6
\openout6 = `undergrad-sample-thai.lof'.

 [10]
บทที่ 1.

Package hyperref Warning: Token not allowed in a PDF string (Unicode):
(hyperref)                \kern -9.84pt
(hyperref)                removed on input line 234.

LaTeX Font Info:    Font shape `TU/THSarabunNew(0)/m/n' will be
(Font)              scaled to size 17.71193pt on input line 234.
LaTeX Font Info:    Font shape `TU/THSarabunNew(0)/b/n' will be
(Font)              scaled to size 17.71193pt on input line 234.
[1

] [2]
File: ./gantt1.jpg Graphic file (type bmp)
<./gantt1.jpg>
File: ./gantt2.jpg Graphic file (type bmp)
<./gantt2.jpg>
 [3

] [4] [5

]
บทที่ 2.

Package hyperref Warning: Token not allowed in a PDF string (Unicode):
(hyperref)                \kern -9.84pt
(hyperref)                removed on input line 328.

LaTeX Font Info:    Font shape `TU/THSarabunNew(0)/b/n' will be
(Font)              scaled to size 13.52995pt on input line 335.
File: ./DeepLearning.jpg Graphic file (type bmp)
<./DeepLearning.jpg>
! Undefined control sequence.
l.350   \source
               {[ที่มา : https://verneglobal.com/news/blog/deep-learning-at-...

? 

Package hyperref Warning: Token not allowed in a PDF string (Unicode):
(hyperref)                removing `\@ifnextchar' on input line 353.

! Undefined control sequence.
l.354 \FloatBarrierในปัจจุบันการทำ
                                   การจำแนกประเภทรูปภาพ สำหรับทางด้านการแพทย...

? 
File: ./cnn.jpg Graphic file (type bmp)
<./cnn.jpg>
! Undefined control sequence.
l.365   \source
               {[ที่มา : https://developers.google.com/machine-learning/prac...

? 
[6

]
File: ./pooling.png Graphic file (type bmp)
<./pooling.png>

! Undefined control sequence.
l.379     \source
                 {[ที่มา : https://stackoverflow.com/questions/44287965]}
? 
[7]

Package hyperref Warning: Token not allowed in a PDF string (Unicode):
(hyperref)                removing `\@ifnextchar' on input line 386.

File: ./transfer.jpg Graphic file (type bmp)
<./transfer.jpg>
! Undefined control sequence.
l.395   \source
               {[ที่มา : https://www.topbots.com/transfer-learning-in-nlp/]}
? 
[8]

Package hyperref Warning: Token not allowed in a PDF string (Unicode):
(hyperref)                removing `\@ifnextchar' on input line 399.

File: ./sigmoid.jpg Graphic file (type bmp)
<./sigmoid.jpg>
! Undefined control sequence.
l.410   \source
               {[ที่มา : https://www.researchgate.net/figure/An-illustration...

? 
! Missing $ inserted.
<inserted text> 
                $
l.410 ...-signal-processing-in-a-sigmoid-function_
                                                  fig2_239269767]}
? 
! Extra }, or forgotten $.
l.410 ...ng-in-a-sigmoid-function_fig2_239269767]}
                                                  
? 
! Missing $ inserted.
<inserted text> 
                $
l.411 \end{figure}
                  
? 
! Missing } inserted.
<inserted text> 
                }
l.411 \end{figure}
                  
? 

Package hyperref Warning: Token not allowed in a PDF string (Unicode):
(hyperref)                removing `\@ifnextchar' on input line 413.

File: ./relu.jpg Graphic file (type bmp)
<./relu.jpg>
! Undefined control sequence.
l.425   \source
               {[ที่มา : https://www.researchgate.net/figure/ReLU-activation...

? 
! Missing $ inserted.
<inserted text> 
                $
l.425 ...gate.net/figure/ReLU-activation-function_
                                                  fig7_333411007]}
? 
! Extra }, or forgotten $.
l.425 ...ReLU-activation-function_fig7_333411007]}
                                                  
? 
! Missing $ inserted.
<inserted text> 
                $
l.426 \end{figure}
                  
? 
! Missing } inserted.
<inserted text> 
                }
l.426 \end{figure}
                  
? 

Package hyperref Warning: Token not allowed in a PDF string (Unicode):
(hyperref)                removing `\@ifnextchar' on input line 430.

[9]

Package hyperref Warning: Token not allowed in a PDF string (Unicode):
(hyperref)                removing `\@ifnextchar' on input line 435.

File: ./imagesegment.jpg Graphic file (type bmp)
<./imagesegment.jpg>
! Undefined control sequence.
l.449   \source
               {[ที่มา : https://www.learnopencv.com/applications-of-foregro...

? 
[10]
File: ./ocr.jpg Graphic file (type bmp)
<./ocr.jpg>

! Undefined control sequence.
l.463   \source
               {[ที่มา : https://medium.com/states-title/using-nlp-bert-to-i...

? 
File: ./blob.jpg Graphic file (type bmp)
<./blob.jpg>
! Undefined control sequence.
l.475   \source
               {[ที่มา : http://what-when-how.com/introduction-to-video-and-...

? 
File: ./market.jpg Graphic file (type bmp)
<./market.jpg>
! Undefined control sequence.
l.489   \source
               {[ที่มา : https://gs.statcounter.com/os-market-share/mobile-t...

? 
! You can't use `macro parameter character #' in horizontal mode.
l.489 ...os-market-share/mobile-tablet/worldwide/#
                                                  monthly-201907-202007]}
? 
[11]

Package hyperref Warning: Token not allowed in a PDF string (Unicode):
(hyperref)                removing `\@ifnextchar' on input line 506.

[12]

Package hyperref Warning: Token not allowed in a PDF string (Unicode):
(hyperref)                removing `\@ifnextchar' on input line 517.

File: ./dyslexia.jpg Graphic file (type bmp)
<./dyslexia.jpg>
! Misplaced alignment tab character &.
l.532  Arvanitopoulos &
                        Susstrunk’s seam carving แล้วจึงนำภาพแต่ละบรรทัดไปแบ...

? 
[13] [14]
บทที่ 3.

Package hyperref Warning: Token not allowed in a PDF string (Unicode):
(hyperref)                \kern -9.84pt
(hyperref)                removed on input line 562.

File: ./system.jpg Graphic file (type bmp)
<./system.jpg>
[15

]
File: ./processflowbefore.jpg Graphic file (type bmp)
<./processflowbefore.jpg>

Overfull \hbox (22.76216pt too wide) in paragraph at lines 588--589
 [][] 
 []

File: ./processflowafter.jpg Graphic file (type bmp)
<./processflowafter.jpg>
[16]
File: ./usecase.jpg Graphic file (type bmp)
<./usecase.jpg>

Overfull \hbox (7.92265pt too wide) in paragraph at lines 615--616
 [][] 
 []


! LaTeX Error: \begin{document} ended by \end{itemize}.

See the LaTeX manual or LaTeX Companion for explanation.
Type  H <return>  for immediate help.
 ...                                              
                                                  
l.634 \end{itemize}
                   
? 
! Extra \endgroup.
<recently read> \endgroup 
                          
l.634 \end{itemize}
                   
? 
[17]
File: ./fcProcessLDsenior.jpeg Graphic file (type bmp)
<./fcProcessLDsenior.jpeg>
 [18]
File: ./imageprocess.jpg Graphic file (type bmp)
<./imageprocess.jpg>
File: ./imagesegment3.jpg Graphic file (type bmp)
<./imagesegment3.jpg>
 [19]
File: ./imagepredict3.jpg Graphic file (type bmp)
<./imagepredict3.jpg>
 [20]
File: ./conceptual.jpg Graphic file (type bmp)
<./conceptual.jpg>
 [21]
File: ./database.jpg Graphic file (type bmp)
<./database.jpg>
 [22

]
! Missing $ inserted.
<inserted text> 
                $
l.744       is_
               student & Boolean & ระบุสถานะนักเรียน (1,0) & No \\ \hline
? 
! Missing $ inserted.
<inserted text> 
                $
l.744       is_student &
                         Boolean & ระบุสถานะนักเรียน (1,0) & No \\ \hline
? 
! Missing $ inserted.
<inserted text> 
                $
l.760         word_
                   type & int & ประเภทของคำสะกดในแบบทดสอบ & No \\ \hline
? 
! Missing $ inserted.
<inserted text> 
                $
l.760         word_type &
                          int & ประเภทของคำสะกดในแบบทดสอบ & No \\ \hline
? 
[23

]
! Missing $ inserted.
<inserted text> 
                $
l.812             word_
                       type & int & ประเภทของคำสะกด &No \\ \hline
? 
! Missing $ inserted.
<inserted text> 
                $
l.812             word_type &
                              int & ประเภทของคำสะกด &No \\ \hline
? 
[24]
File: ./activitytest.jpg Graphic file (type bmp)
<./activitytest.jpg>
 [25] [26]
File: ./activityresult.jpg Graphic file (type bmp)
<./activityresult.jpg>
 [27]
File: ./activityresult2.jpg Graphic file (type bmp)
<./activityresult2.jpg>
 [28]
Overfull \hbox (18.3713pt too wide) in paragraph at lines 873--890
 [][] 
 []

[29]
File: ./activitystat.jpg Graphic file (type bmp)
<./activitystat.jpg>
 [30] [31]
File: ./activitylogin.jpg Graphic file (type bmp)
<./activitylogin.jpg>
 [32] [33]
File: ./activityedit.jpg Graphic file (type bmp)
<./activityedit.jpg>
 [34] [35] [36]
File: ./activityregisterchildren.jpg Graphic file (type bmp)
<./activityregisterchildren.jpg>
 [37]
File: ./activityregisterperson.jpg Graphic file (type bmp)
<./activityregisterperson.jpg>
 [38]
Overfull \hbox (18.3713pt too wide) in paragraph at lines 1006--1024
 [][] 
 []

[39]
File: ./convalphabetmodel.png Graphic file (type bmp)
<./convalphabetmodel.png>
File: ./convvowelmodel.png Graphic file (type bmp)
<./convvowelmodel.png>
 [40]
File: ./alphabetmodel.png Graphic file (type bmp)
<./alphabetmodel.png>
File: ./vowelmodel.png Graphic file (type bmp)
<./vowelmodel.png>
 [41]
File: ./login.jpg Graphic file (type bmp)
<./login.jpg>
File: ./home.jpg Graphic file (type bmp)
<./home.jpg>
 [42]
File: ./stage1.jpg Graphic file (type bmp)
<./stage1.jpg>
File: ./stage2.jpg Graphic file (type bmp)
<./stage2.jpg>
 [43]
File: ./stage3.jpg Graphic file (type bmp)
<./stage3.jpg>
File: ./stage1inputSkip.jpg Graphic file (type bmp)
<./stage1inputSkip.jpg>
 [44]
File: ./stage1input.jpg Graphic file (type bmp)
<./stage1input.jpg>
File: ./stage1input2.jpg Graphic file (type bmp)
<./stage1input2.jpg>
 [45]
File: ./endGame.jpg Graphic file (type bmp)
<./endGame.jpg>
File: ./result.jpg Graphic file (type bmp)
<./result.jpg>
 [46]
File: ./stat.jpg Graphic file (type bmp)
<./stat.jpg>
 [47]
File: ./พยัญชนะ.png Graphic file (type bmp)
<./พยัญชนะ.png>
 [48]
File: ./สระ.png Graphic file (type bmp)
<./สระ.png>
File: ./คำสะกด.png Graphic file (type bmp)
<./คำสะกด.png>
 [49]
File: ./พยัญชนะ.png Graphic file (type bmp)
<./พยัญชนะ.png>
 [50]
File: ./สระ.png Graphic file (type bmp)
<./สระ.png>
File: ./คำสะกด.png Graphic file (type bmp)
<./คำสะกด.png>
 [51] [52]
บทที่ 4.

Package hyperref Warning: Token not allowed in a PDF string (Unicode):
(hyperref)                \kern -9.84pt
(hyperref)                removed on input line 1209.

File: ./loginstep.png Graphic file (type bmp)
<./loginstep.png>

Overfull \hbox (22.76216pt too wide) in paragraph at lines 1216--1217
 [][] 
 []

[53

]
File: ./howtouse2.jpg Graphic file (type bmp)
<./howtouse2.jpg>

Overfull \hbox (22.76216pt too wide) in paragraph at lines 1230--1231
 [][] 
 []

[54]
File: ./howtouse3.jpg Graphic file (type bmp)
<./howtouse3.jpg>

Overfull \hbox (22.76216pt too wide) in paragraph at lines 1243--1244
 [][] 
 []

[55]
File: ./howtouse4.jpg Graphic file (type bmp)
<./howtouse4.jpg>

Overfull \hbox (22.76216pt too wide) in paragraph at lines 1256--1257
 [][] 
 []

[56]
File: ./teststep.png Graphic file (type bmp)
<./teststep.png>

Overfull \hbox (22.76216pt too wide) in paragraph at lines 1270--1271
 [][] 
 []

[57]
File: ./paginationstep2.png Graphic file (type bmp)
<./paginationstep2.png>

Overfull \hbox (22.76216pt too wide) in paragraph at lines 1282--1283
 [][] 
 []

[58]
File: ./resultstep.png Graphic file (type bmp)
<./resultstep.png>

Overfull \hbox (22.76216pt too wide) in paragraph at lines 1296--1297
 [][] 
 []

[59]
File: ./paginationstep.png Graphic file (type bmp)
<./paginationstep.png>

Overfull \hbox (22.76216pt too wide) in paragraph at lines 1309--1310
 [][] 
 []

[60]
File: ./graphstep.png Graphic file (type bmp)
<./graphstep.png>

Overfull \hbox (22.76216pt too wide) in paragraph at lines 1322--1323
 [][] 
 []

[61]
File: ./individualresultstep.png Graphic file (type bmp)
<./individualresultstep.png>

Overfull \hbox (22.76216pt too wide) in paragraph at lines 1335--1336
 [][] 
 []

[62]
File: ./writestep.png Graphic file (type bmp)
<./writestep.png>

Overfull \hbox (22.76216pt too wide) in paragraph at lines 1349--1350
 [][] 
 []

[63]
File: ./statstep.png Graphic file (type bmp)
<./statstep.png>

Overfull \hbox (22.76216pt too wide) in paragraph at lines 1364--1365
 [][] 
 []

[64]
File: ./childrenTest.jpg Graphic file (type bmp)
<./childrenTest.jpg>
 [65]
File: ./splitAlphabet.jpg Graphic file (type bmp)
<./splitAlphabet.jpg>
 [66]
File: 31.png Graphic file (type bmp)
<31.png>
File: 32.png Graphic file (type bmp)
<32.png>
 [67]
File: 33.png Graphic file (type bmp)
<33.png>
 [68]
File: ocrpython.jpg Graphic file (type bmp)
<ocrpython.jpg>
File: ocrpython2.jpg Graphic file (type bmp)
<ocrpython2.jpg>
 [69]
File: ocr3.jpg Graphic file (type bmp)
<ocr3.jpg>
File: ocrpython4.jpg Graphic file (type bmp)
<ocrpython4.jpg>
 [70]
File: ocrpython5.jpg Graphic file (type bmp)
<ocrpython5.jpg>
 [71] [72]
Overfull \hbox (21.97563pt too wide) in paragraph at lines 1513--1527
 [][] 
 []

[73] [74]
Overfull \hbox (21.09003pt too wide) in paragraph at lines 1601--1615
 [][] 
 []

[75] [76] [77] [78] [79] [80] [81]
Overfull \hbox (22.88582pt too wide) in paragraph at lines 1882--1896
 [][] 
 []

[82] [83] [84] [85]
File: predict1.jpg Graphic file (type bmp)
<predict1.jpg>
 [86]
File: predict2.jpg Graphic file (type bmp)
<predict2.jpg>
File: predict3.jpg Graphic file (type bmp)
<predict3.jpg>
 [87]
File: predict4.jpg Graphic file (type bmp)
<predict4.jpg>
File: predict5.jpg Graphic file (type bmp)
<predict5.jpg>
 [88]
File: predict6.jpg Graphic file (type bmp)
<predict6.jpg>
File: predict7.jpg Graphic file (type bmp)
<predict7.jpg>
 [89]
File: predict8.jpg Graphic file (type bmp)
<predict8.jpg>
File: predict9.jpg Graphic file (type bmp)
<predict9.jpg>
 [90]

! LaTeX Error: Environment tablenotes undefined.

See the LaTeX manual or LaTeX Companion for explanation.
Type  H <return>  for immediate help.
 ...                                              
                                                  
l.2129   \begin{tablenotes}
                           
? 
LaTeX Font Info:    Font shape `TU/THSarabunNew(0)/m/n' will be
(Font)              scaled to size 11.06996pt on input line 2130.

Overfull \hbox (36.84673pt too wide) in paragraph at lines 2112--2131
 [][] 
 []


! LaTeX Error: Lonely \item--perhaps a missing list environment.

See the LaTeX manual or LaTeX Companion for explanation.
Type  H <return>  for immediate help.
 ...                                              
                                                  
l.2131     \item ข
                  ้อแนะนำ
? 

Underfull \hbox (badness 10000) detected at line 2131
[][]
 []


! LaTeX Error: \begin{table} on input line 2110 ended by \end{tablenotes}.

See the LaTeX manual or LaTeX Companion for explanation.
Type  H <return>  for immediate help.
 ...                                              
                                                  
l.2132   \end{tablenotes}
                         
? 

! LaTeX Error: Environment tablenotes undefined.

See the LaTeX manual or LaTeX Companion for explanation.
Type  H <return>  for immediate help.
 ...                                              
                                                  
l.2146   \begin{tablenotes}
                           
? 

! LaTeX Error: Lonely \item--perhaps a missing list environment.

See the LaTeX manual or LaTeX Companion for explanation.
Type  H <return>  for immediate help.
 ...                                              
                                                  
l.2148     \item ข
                  ้อแนะนำ
? 

Underfull \hbox (badness 10000) detected at line 2148
[][]
 []


! LaTeX Error: \begin{table} on input line 2138 ended by \end{tablenotes}.

See the LaTeX manual or LaTeX Companion for explanation.
Type  H <return>  for immediate help.
 ...                                              
                                                  
l.2149   \end{tablenotes}
                         
? 
[91]
บทที่ 5.

Package hyperref Warning: Token not allowed in a PDF string (Unicode):
(hyperref)                \kern -9.84pt
(hyperref)                removed on input line 2153.

[92

] (undergrad-sample-thai.bbl [93]
! You can't use `macro parameter character #' in horizontal mode.
l.20 .../cs231n.github.io/convolutional-networks/#
                                                  add.
? 

Underfull \hbox (badness 5578) in paragraph at lines 29--33
[]\TU/THSarabunNew(0)/m/n/10 J.Brownlee,  ``Transfer Learning in Keras with Com
puter Vision Models,''  [สื่อ ออนไลน์] วัน ที่
 []


Underfull \hbox (badness 2837) in paragraph at lines 29--33
\TU/THSarabunNew(0)/m/n/10 8/27/2020 https:// machinelearningmastery.com/ how-t
o-use-transfer-learning-when-developing-convolutional-
 []


Underfull \hbox (badness 1062) in paragraph at lines 71--75
[]\TU/THSarabunNew(0)/m/n/10 Indiana University,  ``Detecting Dyslexia Using Ne
ural Networks,''  [สื่อ ออนไลน์] วัน ที่ 8/27/2020 http://
 []

)
The property list \polyglossia@langsetup contains the pairs (without outer
braces):
>  {latex/script}  =>  {latin}
>  {latex/lcscript}  =>  {latin}
>  {latex/scripttag}  =>  {}
>  {latex/language}  =>  {Latex}
>  {latex/langtag}  =>  {ENG}
>  {latex/bcp47}  =>  {}
>  {latex/hyphennames}  =>  {english}
>  {latex/direction}  =>  {LR}
>  {latex/hyphenmins}  =>  {2,3}
>  {latex/frenchspacing}  =>  {false}
>  {latex/indentfirst}  =>  {false}
>  {latex/fontsetup}  =>  {true}
>  {latex/envname}  =>  {latex}
>  {latex/babelname}  =>  {latex}
>  {latex/localnumeral}  =>  {polyglossia@C@localnumeral}
>  {latex/Localnumeral}  =>  {polyglossia@C@localnumeral}
>  {thai/script}  =>  {Thai}
>  {thai/lcscript}  =>  {thai}
>  {thai/scripttag}  =>  {thai}
>  {thai/language}  =>  {Thai}
>  {thai/langtag}  =>  {THA}
>  {thai/bcp47}  =>  {th}
>  {thai/hyphennames}  =>  {nohyphenation}
>  {thai/direction}  =>  {LR}
>  {thai/hyphenmins}  =>  {2,3}
>  {thai/frenchspacing}  =>  {false}
>  {thai/indentfirst}  =>  {false}
>  {thai/fontsetup}  =>  {true}
>  {thai/envname}  =>  {thai}
>  {thai/babelname}  =>  {thai}
>  {thai/localnumeral}  =>  {thainumerals}
>  {thai/Localnumeral}  =>  {thainumerals}
>  {english/script}  =>  {latin}
>  {english/lcscript}  =>  {latin}
>  {english/scripttag}  =>  {}
>  {english/language}  =>  {English}
>  {english/langtag}  =>  {ENG}
>  {english/bcp47}  =>  {en-US}
>  {english/hyphennames}  =>  {english,american,usenglish,USenglish}
>  {english/direction}  =>  {LR}
>  {english/hyphenmins}  =>  {2,3}
>  {english/frenchspacing}  =>  {false}
>  {english/indentfirst}  =>  {false}
>  {english/fontsetup}  =>  {true}
>  {english/envname}  =>  {english}
>  {english/babelname}  =>  {american}
>  {english/localnumeral}  =>  {polyglossia@C@localnumeral}
>  {english/Localnumeral}  =>  {polyglossia@C@localnumeral}.
 [94

] (undergrad-sample-thai.aux
LaTeX Info: Redefining \rmfamily on input line 19.
LaTeX Info: Redefining \sffamily on input line 19.
LaTeX Info: Redefining \ttfamily on input line 19.
\thai@year=\count318
)
Package rerunfilecheck Info: File `undergrad-sample-thai.out' has not changed.
(rerunfilecheck)             Checksum: F0F596219817294D341A6E42A12F5052;13861.


LaTeX Warning: There were multiply-defined labels.

 ) 
Here is how much of TeX's memory you used:
 18442 strings out of 412197
 329383 string characters out of 2853958
 720731 words of memory out of 3000000
 37630 multiletter control sequences out of 15000+200000
 537737 words of font info for 75 fonts, out of 3000000 for 9000
 1348 hyphenation exceptions out of 8191
 105i,13n,115p,1848b,516s stack positions out of 5000i,500n,10000p,200000b,50000s

Output written on undergrad-sample-thai.pdf (105 pages).
