\BOOKMARK [0][-]{Doc-Start}{ABSTRACT}{}% 1
\BOOKMARK [0][-]{Doc-Start}{\376\377\016\032\016\027\016\004\016\061\016\024\016\042\016\110\016\055}{}% 2
\BOOKMARK [0][-]{chapter*.1}{\376\377\016\001\016\064\016\025\016\025\016\064\016\001\016\043\016\043\016\041\016\033\016\043\016\060\016\001\016\062\016\050}{}% 3
\BOOKMARK [0][-]{chapter*.2}{\376\377\016\052\016\062\016\043\016\032\016\061\016\015}{}% 4
\BOOKMARK [0][-]{chapter*.3}{\376\377\016\052\016\062\016\043\016\032\016\061\016\015\016\025\016\062\016\043\016\062\016\007}{}% 5
\BOOKMARK [0][-]{chapter*.4}{\376\377\016\052\016\062\016\043\016\032\016\061\016\015\016\043\016\071\016\033\016\040\016\062\016\036}{}% 6
\BOOKMARK [0][-]{chapter.1}{\376\377\016\032\016\027\016\027\016\065\016\110\000\040\016\032\016\027\016\031\016\063}{}% 7
\BOOKMARK [1][-]{section.1.1}{\376\377\016\027\016\065\016\110\016\041\016\062\016\101\016\045\016\060\016\004\016\047\016\062\016\041\016\052\016\063\016\004\016\061\016\015}{chapter.1}% 8
\BOOKMARK [1][-]{section.1.2}{\376\377\016\047\016\061\016\025\016\026\016\070\016\033\016\043\016\060\016\052\016\007\016\004\016\114}{chapter.1}% 9
\BOOKMARK [1][-]{section.1.3}{\376\377\016\002\016\055\016\032\016\100\016\002\016\025\016\002\016\055\016\007\016\102\016\004\016\043\016\007\016\007\016\062\016\031}{chapter.1}% 10
\BOOKMARK [1][-]{section.1.4}{\376\377\016\033\016\043\016\060\016\102\016\042\016\012\016\031\016\114\016\027\016\065\016\110\016\004\016\062\016\024\016\047\016\110\016\062\016\010\016\060\016\104\016\024\016\111\016\110\016\043\016\061\016\032}{chapter.1}% 11
\BOOKMARK [1][-]{section.1.5}{\376\377\016\025\016\062\016\043\016\062\016\007\016\001\016\062\016\043\016\024\016\063\016\100\016\031\016\064\016\031\016\007\016\062\016\031}{chapter.1}% 12
\BOOKMARK [1][-]{section.1.6}{\376\377\016\034\016\045\016\001\016\062\016\043\016\024\016\063\016\100\016\031\016\064\016\031\016\007\016\062\016\031}{chapter.1}% 13
\BOOKMARK [0][-]{chapter.2}{\376\377\016\032\016\027\016\027\016\065\016\110\000\040\016\027\016\044\016\051\016\016\016\065\016\004\016\047\016\062\016\041\016\043\016\071\016\111\016\101\016\045\016\060\016\007\016\062\016\031\016\027\016\065\016\110\016\100\016\001\016\065\016\110\016\042\016\047\016\002\016\111\016\055\016\007}{}% 14
\BOOKMARK [1][-]{section.2.1}{\376\377\000C\000o\000r\000e\000\040\000c\000o\000n\000c\000e\000p\000t\000\040\016\101\016\031\016\047\016\004\016\064\016\024\016\053\016\045\016\061\016\001}{chapter.2}% 15
\BOOKMARK [2][-]{subsection.2.1.1}{\376\377\016\001\016\062\016\043\016\100\016\043\016\065\016\042\016\031\016\043\016\071\016\111\016\100\016\012\016\064\016\007\016\045\016\066\016\001\016\002\016\055\016\007\016\004\016\055\016\041\016\036\016\064\016\047\016\100\016\025\016\055\016\043\016\114\000\040\000\050\000d\000e\000e\000p\000\040\000l\000e\000a\000r\000n\000i\000n\000g\000\051}{section.2.1}% 16
\BOOKMARK [2][-]{subsection.2.1.2}{\376\377\016\102\016\004\016\043\016\007\016\002\016\110\016\062\016\042\016\033\016\043\016\060\016\052\016\062\016\027\016\100\016\027\016\065\016\042\016\041\016\101\016\032\016\032\016\052\016\061\016\007\016\047\016\061\016\025\016\031\016\062\016\001\016\062\016\043\000\040\000\050\000C\000o\000n\000v\000o\000l\000u\000t\000i\000o\000n\000a\000l\000\040\000N\000e\000u\000r\000a\000l\000\040\000N\000e\000t\000w\000o\000r\000k\000\051\000C\000S\0002\0003\0001}{section.2.1}% 17
\BOOKMARK [2][-]{subsection.2.1.3}{Transfer\040LearningTransfer}{section.2.1}% 18
\BOOKMARK [2][-]{subsection.2.1.4}{Activate\040FunctionActivate}{section.2.1}% 19
\BOOKMARK [2][-]{subsection.2.1.5}{Rectified\040Linear\040Unit\040\(ReLU\)ReLuFunc}{section.2.1}% 20
\BOOKMARK [2][-]{subsection.2.1.6}{\376\377\016\001\016\062\016\043\016\033\016\043\016\061\016\032\016\002\016\031\016\062\016\024\016\043\016\071\016\033\016\040\016\062\016\036\000\040\000\050\000I\000m\000a\000g\000e\000\040\000r\000e\000s\000c\000a\000l\000e\000\051\000I\000m\000a\000g\000e\000p\000r\000e}{section.2.1}% 21
\BOOKMARK [2][-]{subsection.2.1.7}{\376\377\016\001\016\062\016\043\016\101\016\042\016\001\016\032\016\043\016\064\016\100\016\047\016\023\016\043\016\071\016\033\016\040\016\062\016\036\000\040\000\050\000I\000m\000a\000g\000e\000\040\000s\000e\000g\000m\000e\000n\000t\000a\000t\000i\000o\000n\000\051\000I\000m\000a\000g\000e\000s\000e\000g\000m\000e\000n\000t}{section.2.1}% 22
\BOOKMARK [2][-]{subsection.2.1.8}{\376\377\016\001\016\062\016\043\016\101\016\033\016\045\016\007\016\043\016\071\016\033\016\040\016\062\016\036\016\100\016\033\016\107\016\031\016\002\016\111\016\055\016\004\016\047\016\062\016\041\000\040\000\050\000O\000p\000t\000i\000c\000a\000l\000\040\000c\000h\000a\000r\000a\000c\000t\000e\000r\000\040\000r\000e\000c\000o\000g\000n\000i\000t\000i\000o\000n\000\051}{section.2.1}% 23
\BOOKMARK [2][-]{subsection.2.1.9}{Blob\040coloring}{section.2.1}% 24
\BOOKMARK [1][-]{section.2.2}{\376\377\000L\000a\000n\000g\000u\000a\000g\000e\000s\000\040\000a\000n\000d\000\040\000t\000e\000c\000h\000n\000o\000l\000o\000g\000i\000e\000s\000\040\016\040\016\062\016\051\016\062\016\102\016\033\016\043\016\101\016\001\016\043\016\041\016\101\016\045\016\060\016\100\016\027\016\004\016\102\016\031\016\102\016\045\016\042\016\065}{chapter.2}% 25
\BOOKMARK [2][-]{subsection.2.2.1}{React\040Native}{section.2.2}% 26
\BOOKMARK [2][-]{subsection.2.2.2}{Keras}{section.2.2}% 27
\BOOKMARK [2][-]{subsection.2.2.3}{OpenCVOpenCV}{section.2.2}% 28
\BOOKMARK [2][-]{subsection.2.2.4}{Django\040Rest\040Framework}{section.2.2}% 29
\BOOKMARK [1][-]{section.2.3}{\376\377\000R\000e\000l\000a\000t\000e\000d\000\040\000r\000e\000s\000e\000a\000r\000c\000h\000\040\000/\000\040\000C\000o\000m\000p\000e\000t\000i\000n\000g\000\040\000s\000o\000l\000u\000t\000i\000o\000n\000s\000\040\016\032\016\027\016\004\016\047\016\062\016\041\016\027\016\065\016\110\016\100\016\001\016\065\016\110\016\042\016\047\016\002\016\111\016\055\016\007}{chapter.2}% 30
\BOOKMARK [2][-]{subsection.2.3.1}{Detecting\040Dyslexia\040Using\040Neural\040NetworksDyslexia}{section.2.3}% 31
\BOOKMARK [3][-]{subsubsection.2.3.1.1}{\376\377\016\001\016\062\016\043\016\103\016\012\016\111\016\040\016\062\016\036\016\045\016\062\016\042\016\041\016\067\016\055\016\103\016\031\016\001\016\062\016\043\016\047\016\064\016\031\016\064\016\010\016\011\016\061\016\042\016\102\016\043\016\004\000\040\000D\000y\000s\000l\000e\000x\000i\000a}{subsection.2.3.1}% 32
\BOOKMARK [3][-]{subsubsection.2.3.1.2}{\376\377\016\001\016\062\016\043\016\033\016\043\016\060\016\041\016\047\016\045\016\034\016\045\016\040\016\062\016\036}{subsection.2.3.1}% 33
\BOOKMARK [3][-]{subsubsection.2.3.1.3}{Optical\040character\040recognition}{subsection.2.3.1}% 34
\BOOKMARK [3][-]{subsubsection.2.3.1.4}{\376\377\016\001\016\062\016\043\016\027\016\063\016\102\016\041\016\100\016\024\016\045\016\047\016\064\016\031\016\064\016\010\016\011\016\061\016\042}{subsection.2.3.1}% 35
\BOOKMARK [0][-]{chapter.3}{\376\377\016\032\016\027\016\027\016\065\016\110\000\040\016\047\016\064\016\030\016\065\016\001\016\062\016\043\016\024\016\063\016\100\016\031\016\064\016\031\016\007\016\062\016\031}{}% 36
\BOOKMARK [1][-]{section.3.1}{Project\040Functionality}{chapter.3}% 37
\BOOKMARK [2][-]{subsection.3.1.1}{System\040Architecture}{section.3.1}% 38
\BOOKMARK [2][-]{subsection.3.1.2}{System\040requirements}{section.3.1}% 39
\BOOKMARK [2][-]{subsection.3.1.3}{Process\040Flow}{section.3.1}% 40
\BOOKMARK [2][-]{subsection.3.1.4}{Use\040cases}{section.3.1}% 41
\BOOKMARK [1][-]{section.3.2}{\376\377\016\102\016\004\016\043\016\007\016\052\016\043\016\111\016\062\016\007\016\013\016\055\016\037\016\025\016\114\016\101\016\047\016\043\016\114}{chapter.3}% 42
\BOOKMARK [2][-]{subsection.3.2.1}{\376\377\016\101\016\055\016\033\016\036\016\045\016\064\016\100\016\004\016\012\016\061\016\031\016\027\016\063\016\101\016\032\016\032\016\027\016\024\016\052\016\055\016\032\000\040\000\050\000A\000p\000p\000l\000i\000c\000a\000t\000i\000o\000n\000\051}{section.3.2}% 43
\BOOKMARK [2][-]{subsection.3.2.2}{\376\377\016\001\016\062\016\043\016\033\016\043\016\060\016\041\016\047\016\045\016\034\016\045\016\040\016\062\016\036\000\040\000\050\000I\000m\000a\000g\000e\000\040\000p\000r\000o\000c\000e\000s\000s\000i\000n\000g\000\051}{section.3.2}% 44
\BOOKMARK [2][-]{subsection.3.2.3}{\376\377\016\001\016\062\016\043\016\101\016\042\016\001\016\040\016\062\016\036\000\040\000\050\000I\000m\000a\000g\000e\000\040\000s\000e\000g\000m\000e\000n\000t\000a\000t\000i\000o\000n\000\051}{section.3.2}% 45
\BOOKMARK [2][-]{subsection.3.2.4}{\376\377\016\001\016\062\016\043\016\047\016\064\016\031\016\064\016\010\016\011\016\061\016\042\000\040\000\050\000L\000e\000a\000r\000n\000i\000n\000g\000\040\000d\000i\000s\000o\000r\000d\000e\000r\000\040\000p\000r\000e\000d\000i\000c\000t\000i\000o\000n\000\051}{section.3.2}% 46
\BOOKMARK [2][-]{subsection.3.2.5}{\376\377\016\001\016\062\016\043\016\053\016\062\016\045\016\063\016\024\016\061\016\032\016\025\016\061\016\047\016\055\016\061\016\001\016\051\016\043\016\100\016\036\016\067\016\110\016\055\016\027\016\063\016\031\016\062\016\042\016\004\016\063\016\052\016\060\016\001\016\024\000\040\000\050\000O\000C\000R}{section.3.2}% 47
\BOOKMARK [1][-]{section.3.3}{Conceptual\040Design}{chapter.3}% 48
\BOOKMARK [1][-]{section.3.4}{Database\040Design}{chapter.3}% 49
\BOOKMARK [1][-]{section.3.5}{Sequence\040Diagram\040Design}{chapter.3}% 50
\BOOKMARK [1][-]{section.3.6}{User\040Interface\040Design}{chapter.3}% 51
\BOOKMARK [1][-]{section.3.7}{\376\377\016\001\016\062\016\043\016\100\016\001\016\107\016\032\016\002\016\111\016\055\016\041\016\071\016\045\016\040\016\062\016\036\016\045\016\062\016\042\016\041\016\067\016\055\016\100\016\024\016\107\016\001}{chapter.3}% 52
\BOOKMARK [1][-]{section.3.8}{\376\377\016\101\016\034\016\031\016\001\016\062\016\043\016\033\016\043\016\060\016\100\016\041\016\064\016\031\016\033\016\043\016\060\016\052\016\064\016\027\016\030\016\064\016\040\016\062\016\036\016\002\016\055\016\007\016\101\016\055\016\033\016\036\016\045\016\064\016\100\016\004\016\012\016\061\016\031}{chapter.3}% 53
\BOOKMARK [2][-]{subsection.3.8.1}{\376\377\016\001\016\062\016\043\016\047\016\061\016\024\016\034\016\045\016\004\016\047\016\062\016\041\016\101\016\041\016\110\016\031\016\042\016\063\016\002\016\055\016\007\016\043\016\060\016\032\016\032\000\040\000L\000D\000S\000p\000o\000t}{section.3.8}% 54
\BOOKMARK [0][-]{chapter.4}{\376\377\016\032\016\027\016\027\016\065\016\110\000\040\016\034\016\045\016\001\016\062\016\043\016\024\016\063\016\100\016\031\016\064\016\031\016\007\016\062\016\031}{}% 55
\BOOKMARK [1][-]{section.4.1}{Application}{chapter.4}% 56
\BOOKMARK [1][-]{section.4.2}{OCR\040}{chapter.4}% 57
\BOOKMARK [1][-]{section.4.3}{\376\377\000\040\016\043\016\060\016\032\016\032\016\100\016\001\016\107\016\032\016\043\016\047\016\032\016\043\016\047\016\041\016\002\016\111\016\055\016\041\016\071\016\045\016\027\016\024\016\052\016\055\016\032\016\001\016\062\016\043\016\100\016\002\016\065\016\042\016\031\016\002\016\055\016\007\016\100\016\024\016\107\016\001\016\027\016\065\016\110\016\104\016\024\016\111\016\043\016\061\016\032\016\032\016\001\016\062\016\043\016\027\016\024\016\052\016\055\016\032}{chapter.4}% 58
\BOOKMARK [1][-]{section.4.4}{\376\377\016\052\016\110\016\047\016\031\016\027\016\065\016\110\016\001\016\063\016\045\016\061\016\007\016\024\016\063\016\100\016\031\016\064\016\031\016\001\016\062\016\043\016\040\016\062\016\042\016\103\016\031\016\040\016\062\016\004\016\001\016\062\016\043\016\050\016\066\016\001\016\051\016\062\016\027\016\065\016\110\000\040\0001}{chapter.4}% 59
\BOOKMARK [0][-]{chapter*.5}{\376\377\016\032\016\043\016\043\016\023\016\062\016\031\016\070\016\001\016\043\016\041}{}% 60
